<?xml version="1.0" encoding="UTF-8"?>
<testsuite name="testsuite"
           tests="4"
           failures="0"
           errors="0"
           skipped="0"
           time="10.381">
  <properties />
  
  
            <testcase name="VerifyThatUserShouldLogOutSuccessFully" time="4.755" classname="com.nopcommerce.demo.testsuite.LoginPageTest" />
                <testcase name="userShouldNavigateToLoginPageSuccessFully" time="1.201" classname="com.nopcommerce.demo.testsuite.LoginPageTest" />
                <testcase name="verifyTheErrorMessageWithInValidCredentials" time="2.382" classname="com.nopcommerce.demo.testsuite.LoginPageTest" />
                <testcase name="verifyThatUserShouldLogInSuccessFullyWithValidCredentials" time="2.043" classname="com.nopcommerce.demo.testsuite.LoginPageTest" />
      
</testsuite>
